[lean] generating Apyx.lean
[leangen] phase 1: domain model
[leancheck] model gate round 1: ok=False
[leancheck] model gate round 2: ok=True
[leangen] phase 2: theorems
[leangen] theorem batch 1/9
[leangen]   batch failed pre-validation; regenerating with errors
[leangen] theorem batch 2/9
[leangen]   batch failed pre-validation; regenerating with errors
[leangen] theorem batch 3/9
[leangen]   batch failed pre-validation; regenerating with errors
[leangen] theorem batch 4/9
[leangen]   batch failed pre-validation; regenerating with errors
[leangen] theorem batch 5/9
[leangen]   batch failed pre-validation; regenerating with errors
[leangen]   batch fixed on retry
[leangen] theorem batch 6/9
[leangen]   batch failed pre-validation; regenerating with errors
[leangen] theorem batch 7/9
[leangen]   batch failed pre-validation; regenerating with errors
[leangen] theorem batch 8/9
[leangen]   batch failed pre-validation; regenerating with errors
[leangen] theorem batch 9/9
[leangen]   batch failed pre-validation; regenerating with errors
[leangen] phase 3: extending model for 30 unformalizable reqs
[leancheck] model gate round 1: ok=True
[leangen] theorem batch 1/4
[leangen]   batch failed pre-validation; regenerating with errors
[leangen]   batch fixed on retry
[leangen] theorem batch 2/4
[leangen]   batch failed pre-validation; regenerating with errors
[leangen] theorem batch 3/4
[leangen]   batch failed pre-validation; regenerating with errors
[leangen] theorem batch 4/4
[leangen]   batch failed pre-validation; regenerating with errors
[leangen]   batch fixed on retry
[leancheck] round 1: ok=False theorems=52 sorries=46 vacuous=0 killed=0
[leancheck] round 2: ok=False theorems=52 sorries=31 vacuous=0 killed=0
[leancheck] round 3: ok=False theorems=47 sorries=41 vacuous=0 killed=5
[leancheck] round 4: ok=True theorems=13 sorries=10 vacuous=0 killed=40
[review] round-trip consistency gate
[review] verdicts={'missing': 59, 'vacuous': 2, 'full': 5, 'partial': 5, 'mismatch': 1} full-coverage=7%
[done] ok=True theorems=13 sorries=10
{'outdir': '/home/gohan/workspace/docs2formalspec/outputs/apyx', 'lean_ok': True, 'theorems': 13, 'proved': 3, 'sorries': 10, 'vacuous': 0, 'review': {'missing': 59, 'vacuous': 2, 'full': 5, 'partial': 5, 'mismatch': 1}}
