[lean] generating Apyx.lean
[leangen] phase 1: domain model
[leancheck] model gate round 1: ok=True
[leangen] phase 2: theorems
[leangen] theorem batch 1/9
[leangen] theorem batch 2/9
[leangen] theorem batch 3/9
[leangen] theorem batch 4/9
[leangen] theorem batch 5/9
[leangen] theorem batch 6/9
[leangen] theorem batch 7/9
[leangen] theorem batch 8/9
[leangen] theorem batch 9/9
[leangen] phase 3: extending model for 41 unformalizable reqs
[leancheck] model gate round 1: ok=True
[leangen] theorem batch 1/6
[leangen] theorem batch 2/6
[leangen] theorem batch 3/6
[leangen] theorem batch 4/6
[leangen] theorem batch 5/6
[leangen] theorem batch 6/6
[leancheck] round 1: ok=False theorems=48 sorries=12 vacuous=0
[leancheck] round 2: ok=False theorems=23 sorries=3 vacuous=0
[leancheck] round 3: ok=False theorems=23 sorries=3 vacuous=0
[leancheck] round 4: ok=False theorems=23 sorries=3 vacuous=0
[leancheck] round 5: ok=False theorems=23 sorries=3 vacuous=0
[leancheck] round 6: ok=False theorems=23 sorries=3 vacuous=0
[leancheck] round 7: ok=False theorems=23 sorries=3 vacuous=0
[leancheck] round 8: ok=False theorems=23 sorries=3 vacuous=0
[review] round-trip consistency gate
