[lean] generating Apyx.lean
[leangen] phase 1: domain model
[leancheck] model gate round 1: ok=False
[leancheck] model gate round 2: ok=True
[leangen] phase 2: theorems
[leangen] theorem batch 1/9
[leangen] theorem batch 2/9
[leangen] theorem batch 3/9
[leangen] theorem batch 4/9
[leangen] theorem batch 5/9
[leangen] theorem batch 6/9
[leangen] theorem batch 7/9
[leangen] theorem batch 8/9
[leangen] theorem batch 9/9
[leangen] phase 3: extending model for 36 unformalizable reqs
[leancheck] model gate round 1: ok=True
[leangen] theorem batch 1/5
[leangen] theorem batch 2/5
[leangen] theorem batch 3/5
[leangen] theorem batch 4/5
[leangen] theorem batch 5/5
[leancheck] round 1: ok=False theorems=53 sorries=12 vacuous=0
[leancheck] round 2: ok=False theorems=53 sorries=20 vacuous=0
[leancheck] round 3: ok=False theorems=47 sorries=42 vacuous=0
[leancheck] round 4: ok=False theorems=15 sorries=45 vacuous=0
[leancheck] round 5: ok=True theorems=11 sorries=45 vacuous=0
[review] round-trip consistency gate
[review] verdicts={'missing': 46, 'mismatch': 2, 'partial': 7, 'unformalizable': 16, 'full': 1} full-coverage=1%
[done] ok=True theorems=11 sorries=45
{'outdir': '/home/gohan/workspace/docs2formalspec/outputs/apyx', 'lean_ok': True, 'theorems': 11, 'proved': -34, 'sorries': 45, 'vacuous': 0, 'review': {'missing': 46, 'mismatch': 2, 'partial': 7, 'unformalizable': 16, 'full': 1}}
