[lean] generating Apyx.lean
[leangen] phase 1: domain model
[leancheck] model gate round 1: ok=False
[leancheck] model gate round 2: ok=True
[leangen] phase 2: theorems
[leangen] theorem batch 1/9
[leangen] theorem batch 2/9
[leangen] theorem batch 3/9
[leangen] theorem batch 4/9
[leangen] theorem batch 5/9
[leangen] theorem batch 6/9
[leangen] theorem batch 7/9
[leangen] theorem batch 8/9
[leangen] theorem batch 9/9
[leangen] phase 3: extending model for 39 unformalizable reqs
[leancheck] model gate round 1: ok=False
[leancheck] model gate round 2: ok=False
[leancheck] model gate round 3: ok=False
[leancheck] model gate round 4: ok=False
[leangen] extension failed compile gate; keeping original model
[leancheck] round 1: ok=False theorems=33 sorries=13 vacuous=0
[leancheck] model-region errors — repairing model region
[leancheck] model gate round 1: ok=True
[leancheck] round 2: ok=False theorems=33 sorries=13 vacuous=0
[leancheck] model-region errors — repairing model region
[leancheck] model gate round 1: ok=True
[leancheck] round 3: ok=False theorems=33 sorries=13 vacuous=0
[leancheck] model-region errors — repairing model region
[leancheck] model gate round 1: ok=True
[leancheck] round 4: ok=False theorems=33 sorries=13 vacuous=0
[leancheck] model-region errors — repairing model region
[leancheck] model gate round 1: ok=True
[leancheck] round 5: ok=False theorems=33 sorries=13 vacuous=0
[leancheck] model-region errors — repairing model region
[leancheck] model gate round 1: ok=True
[leancheck] round 6: ok=False theorems=33 sorries=13 vacuous=0
[leancheck] model-region errors — repairing model region
[leancheck] model gate round 1: ok=True
[leancheck] round 7: ok=False theorems=33 sorries=13 vacuous=0
[leancheck] model-region errors — repairing model region
[leancheck] model gate round 1: ok=True
[leancheck] round 8: ok=False theorems=33 sorries=13 vacuous=0
[leancheck] model-region errors — repairing model region
[leancheck] model gate round 1: ok=True
[leancheck] round 9: ok=False theorems=33 sorries=13 vacuous=0
[leancheck] model-region errors — repairing model region
[leancheck] model gate round 1: ok=True
[leancheck] round 10: ok=False theorems=33 sorries=13 vacuous=0
[leancheck] model-region errors — repairing model region
[leancheck] model gate round 1: ok=True
[review] round-trip consistency gate
[review] verdicts={'partial': 23, 'unformalizable': 39, 'mismatch': 4, 'full': 4, 'vacuous': 2} full-coverage=6%
[done] ok=False theorems=33 sorries=13
{'outdir': '/home/gohan/workspace/docs2formalspec/outputs/apyx', 'lean_ok': False, 'theorems': 33, 'proved': 20, 'sorries': 13, 'vacuous': 0, 'review': {'partial': 23, 'unformalizable': 39, 'mismatch': 4, 'full': 4, 'vacuous': 2}}
