[lean] generating Apyx.lean
[leangen] phase 1: domain model
[leancheck] model gate round 1: ok=False
[leancheck] model gate round 2: ok=True
[leangen] phase 2: theorems
[leangen] theorem batch 1/9
[leangen]   batch failed pre-validation; regenerating with errors
[leangen] theorem batch 2/9
[leangen]   batch failed pre-validation; regenerating with errors
[leangen] theorem batch 3/9
[leangen]   batch failed pre-validation; regenerating with errors
[leangen] theorem batch 4/9
[leangen] theorem batch 5/9
[leangen] theorem batch 6/9
[leangen]   batch failed pre-validation; regenerating with errors
[leangen] theorem batch 7/9
[leangen]   batch failed pre-validation; regenerating with errors
[leangen] theorem batch 8/9
[leangen]   batch failed pre-validation; regenerating with errors
[leangen] theorem batch 9/9
[leangen]   batch failed pre-validation; regenerating with errors
[leangen] phase 3: extending model for 27 unformalizable reqs
[leancheck] model gate round 1: ok=True
[leangen] theorem batch 1/4
[leangen]   batch failed pre-validation; regenerating with errors
[leangen] theorem batch 2/4
[leangen]   batch failed pre-validation; regenerating with errors
[leangen]   batch fixed on retry
[leangen] theorem batch 3/4
[leangen]   batch failed pre-validation; regenerating with errors
[leangen] theorem batch 4/4
[leangen]   batch failed pre-validation; regenerating with errors
[leancheck] duplicate theorem req_redemption_value_price — killing later copy
[leancheck]   req_issuance_price_one: targeted repair (1st failure)
[leancheck]   req_redemption_at_redemption_value: targeted repair (1st failure)
[leancheck]   req_cooldown_duration: targeted repair (1st failure)
[leancheck]   req_redemption_value_price: targeted repair (1st failure)
[leancheck]   req_deposit_immediate: targeted repair (1st failure)
[leancheck]   req_denylist_blocks_deposit_mint: targeted repair (1st failure)
[leancheck]   req_withdrawal_returns_unlock_token: targeted repair (1st failure)
[leancheck]   req_sync_withdraw_redeem: targeted repair (1st failure)
[leancheck]   req_unlock_redeem_1to1: targeted repair (1st failure)
[leancheck]   req_unlock_nontransferable: targeted repair (1st failure)
[leancheck]   req_unlock_cannot_cancel: targeted repair (1st failure)
[leancheck]   req_whitelist_mint_access: targeted repair (1st failure)
[leancheck]   req_apyusd_value_increases_with_yield: targeted repair (1st failure)
[leancheck]   req_continuous_streaming: targeted repair (1st failure)
[leancheck]   req_total_collateral_definition: targeted repair (1st failure)
[leancheck]   req_early_unlock_fee_linear: targeted repair (1st failure)
[leancheck] round 1: ok=False theorems=50 sorries=39 vacuous=0 killed=1 verified=34
[leancheck]   req_cooldown_duration: sorry-stub (2nd failure)
[leancheck]   req_redemption_value_price: sorry-stub (2nd failure)
[leancheck]   req_denylist_blocks_deposit_mint: sorry-stub (2nd failure)
[leancheck]   req_withdrawal_returns_unlock_token: sorry-stub (2nd failure)
[leancheck]   req_sync_withdraw_redeem: sorry-stub (2nd failure)
[leancheck]   req_unlock_nontransferable: sorry-stub (2nd failure)
[leancheck]   req_unlock_cannot_cancel: sorry-stub (2nd failure)
[leancheck]   req_whitelist_mint_access: sorry-stub (2nd failure)
[leancheck]   req_apyusd_value_increases_with_yield: sorry-stub (2nd failure)
[leancheck]   req_continuous_streaming: sorry-stub (2nd failure)
[leancheck]   req_total_collateral_definition: sorry-stub (2nd failure)
[leancheck]   req_early_unlock_fee_linear: sorry-stub (2nd failure)
[leancheck] round 2: ok=False theorems=50 sorries=42 vacuous=0 killed=1 verified=38
[leancheck]   req_cooldown_duration: kill (3rd failure)
[leancheck] round 3: ok=True theorems=49 sorries=41 vacuous=0 killed=2 verified=50
[review] round-trip consistency gate
[review] verdicts={'partial': 24, 'unformalizable': 3, 'missing': 20, 'full': 11, 'mismatch': 11, 'vacuous': 3} full-coverage=15%
[done] ok=True theorems=49 sorries=41
{'outdir': '/home/gohan/workspace/docs2formalspec/outputs/apyx', 'lean_ok': True, 'theorems': 49, 'proved': 8, 'sorries': 41, 'vacuous': 0, 'review': {'partial': 24, 'unformalizable': 3, 'missing': 20, 'full': 11, 'mismatch': 11, 'vacuous': 3}}
