[lean] generating Apyx.lean
[leangen] phase 1: domain model
[leancheck] model gate round 1: ok=False
[leancheck] model gate round 2: ok=True
[leangen] phase 2: theorems
[leangen] theorem batch 1/9
[leangen]   batch failed pre-validation; regenerating with errors
[leangen] theorem batch 2/9
[leangen]   batch failed pre-validation; regenerating with errors
[leangen]   batch fixed on retry
[leangen] theorem batch 3/9
[leangen]   batch failed pre-validation; regenerating with errors
[leangen] theorem batch 4/9
[leangen]   batch failed pre-validation; regenerating with errors
[leangen] theorem batch 5/9
[leangen]   batch failed pre-validation; regenerating with errors
[leangen]   batch fixed on retry
[leangen] theorem batch 6/9
[leangen] theorem batch 7/9
[leangen]   batch failed pre-validation; regenerating with errors
[leangen] theorem batch 8/9
[leangen]   batch failed pre-validation; regenerating with errors
[leangen] theorem batch 9/9
[leangen]   batch failed pre-validation; regenerating with errors
[leangen] phase 3: extending model for 31 unformalizable reqs
[leancheck] model gate round 1: ok=False
[leancheck] model gate round 2: ok=True
[leangen] theorem batch 1/4
[leangen]   batch failed pre-validation; regenerating with errors
[leangen] theorem batch 2/4
[leangen]   batch failed pre-validation; regenerating with errors
[leangen] theorem batch 3/4
[leangen]   batch failed pre-validation; regenerating with errors
[leangen] theorem batch 4/4
[leangen]   batch failed pre-validation; regenerating with errors
[leangen] coverage pass 1: regenerating 8 dropped reqs
[leangen] theorem batch 1/1
[leangen]   batch failed pre-validation; regenerating with errors
[leancheck] duplicate theorem req_whitelist_mint_access — killing later copy
[leancheck] duplicate theorem req_issuance_price_one — killing later copy
[leancheck]   req_issuance_price_one: targeted repair (1st failure)
[leancheck]   req_redemption_at_redemption_value: targeted repair (1st failure)
[leancheck]   req_vault_yield_distribution_20d: targeted repair (1st failure)
[leancheck]   req_lock_apxusd_for_apyusd: targeted repair (1st failure)
[leancheck]   req_apyusd_value_increases_with_yield: targeted repair (1st failure)
[leancheck]   req_deposit_permissionless: targeted repair (1st failure)
[leancheck]   req_single_pending_request: targeted repair (1st failure)
[leancheck]   req_cooldown_duration: targeted repair (1st failure)
[leancheck]   req_unlock_receipt_nft_mint: targeted repair (1st failure)
[leancheck]   req_credit_yield: targeted repair (1st failure)
[leancheck]   req_rfq_redemption: targeted repair (1st failure)
[leancheck]   req_deposit_immediate: targeted repair (1st failure)
[leancheck]   req_mint_immediate: targeted repair (1st failure)
[leancheck]   req_withdrawal_pulls_vested: targeted repair (1st failure)
[leancheck]   req_denylist_blocks_deposit_mint: targeted repair (1st failure)
[leancheck]   req_withdrawal_returns_unlock_token: targeted repair (1st failure)
[leancheck]   req_sync_withdraw_redeem: targeted repair (1st failure)
[leancheck]   req_unlock_redeem_1to1: targeted repair (1st failure)
[leancheck]   req_early_unlock_fee_linear: targeted repair (1st failure)
[leancheck]   req_unlock_cannot_cancel: targeted repair (1st failure)
[leancheck]   req_redemption_liquidate_usdc: targeted repair (1st failure)
[leancheck]   req_redemption_settlement_usdc: targeted repair (1st failure)
[leancheck]   req_flexible_claim_available_after_3d: targeted repair (1st failure)
[leancheck]   req_overcollateralization_margin: targeted repair (1st failure)
[leancheck]   req_buffer_not_consumed: targeted repair (1st failure)
[leancheck]   req_mint_redeem_at_redemption_value: targeted repair (1st failure)
[leancheck]   req_monthly_rate_setting: targeted repair (1st failure)
[leancheck]   req_configurable_period: targeted repair (1st failure)
[leancheck]   req_redemption_value_price: targeted repair (1st failure)
[leancheck]   req_unlock_nontransferable: targeted repair (1st failure)
[leancheck]   req_total_collateral_definition: targeted repair (1st failure)
[leancheck] round 1: ok=False theorems=59 sorries=38 vacuous=3 killed=2 verified=28
[leancheck]   req_redemption_at_redemption_value: sorry-stub (2nd failure)
[leancheck]   req_vault_yield_distribution_20d: sorry-stub (2nd failure)
[leancheck]   req_lock_apxusd_for_apyusd: sorry-stub (2nd failure)
[leancheck]   req_apyusd_value_increases_with_yield: sorry-stub (2nd failure)
[leancheck]   req_single_pending_request: sorry-stub (2nd failure)
[leancheck]   req_cooldown_duration: sorry-stub (2nd failure)
[leancheck]   req_unlock_receipt_nft_mint: sorry-stub (2nd failure)
[leancheck]   req_credit_yield: sorry-stub (2nd failure)
[leancheck]   req_rfq_redemption: sorry-stub (2nd failure)
[leancheck]   req_deposit_immediate: sorry-stub (2nd failure)
[leancheck]   req_mint_immediate: sorry-stub (2nd failure)
[leancheck]   req_withdrawal_pulls_vested: sorry-stub (2nd failure)
[leancheck]   req_denylist_blocks_deposit_mint: sorry-stub (2nd failure)
[leancheck]   req_withdrawal_returns_unlock_token: sorry-stub (2nd failure)
[leancheck]   req_early_unlock_fee_linear: sorry-stub (2nd failure)
[leancheck]   req_redemption_liquidate_usdc: sorry-stub (2nd failure)
[leancheck]   req_redemption_settlement_usdc: sorry-stub (2nd failure)
[leancheck]   req_flexible_claim_available_after_3d: sorry-stub (2nd failure)
[leancheck]   req_overcollateralization_margin: sorry-stub (2nd failure)
[leancheck]   req_buffer_not_consumed: sorry-stub (2nd failure)
[leancheck]   req_mint_redeem_at_redemption_value: sorry-stub (2nd failure)
[leancheck]   req_monthly_rate_setting: sorry-stub (2nd failure)
[leancheck]   req_configurable_period: sorry-stub (2nd failure)
[leancheck]   req_redemption_value_price: sorry-stub (2nd failure)
[leancheck]   req_unlock_nontransferable: sorry-stub (2nd failure)
[leancheck]   req_total_collateral_definition: sorry-stub (2nd failure)
[leancheck] round 2: ok=False theorems=58 sorries=56 vacuous=3 killed=3 verified=34
[leancheck]   req_lock_apxusd_for_apyusd: kill (3rd failure)
[leancheck]   req_single_pending_request: kill (3rd failure)
[leancheck]   req_cooldown_duration: kill (3rd failure)
[leancheck]   req_unlock_receipt_nft_mint: kill (3rd failure)
[leancheck]   req_deposit_immediate: kill (3rd failure)
[leancheck]   req_denylist_blocks_deposit_mint: kill (3rd failure)
[leancheck]   req_redemption_settlement_usdc: kill (3rd failure)
[leancheck]   req_buffer_not_consumed: kill (3rd failure)
[leancheck]   req_redemption_value_price: kill (3rd failure)
[leancheck] round 3: ok=True theorems=49 sorries=45 vacuous=3 killed=12 verified=59
[leancheck] de-vacuating 3 theorems (pass 1)
[leancheck]   req_immediate_yield_on_lock: targeted repair (1st failure)
[leancheck]   req_add_assets_resets_cooldown: targeted repair (1st failure)
[leancheck]   req_no_yield_during_cooldown: targeted repair (1st failure)
[leancheck] round 4: ok=False theorems=49 sorries=44 vacuous=0 killed=12 verified=56
[leancheck]   req_immediate_yield_on_lock: sorry-stub (2nd failure)
[leancheck] round 5: ok=True theorems=49 sorries=45 vacuous=0 killed=12 verified=58
[leancheck]   auto-proved req_mint_immediate with `simp_all [step]`
[leancheck]   auto-proved req_withdrawal_pulls_vested with `simp_all [step]`
[leancheck]   auto-proved req_monthly_rate_setting with `simp [step]`
[leancheck]   auto-proved req_configurable_period with `simp [step]`
[leancheck]   auto-proved req_governance_deploy_buffer with `simp [step]`
[leancheck]   auto-proved req_depositforminshares_slippage with `simp_all [step]`
[leancheck] auto-proved 6 stubbed theorems
[review] round-trip consistency gate
[review] verdicts={'partial': 25, 'missing': 10, 'unformalizable': 13, 'full': 9, 'mismatch': 9, 'vacuous': 6} full-coverage=12%
[done] ok=True theorems=49 sorries=39
{'outdir': '/home/gohan/workspace/docs2formalspec/outputs/apyx', 'lean_ok': True, 'theorems': 49, 'proved': 10, 'sorries': 39, 'vacuous': 0, 'review': {'partial': 25, 'missing': 10, 'unformalizable': 13, 'full': 9, 'mismatch': 9, 'vacuous': 6}}
