[ingest] 9 sources
[ingest] got 9 documents: ['How Apyx Works', 'apxUSD', 'apyUSD', 'Peg Stability Model', 'Yield Distribution', 'Capitalization Framework', 'Overview', 'Locking apxUSD for apyUSD', 'Unlocking apyUSD for apxUSD']
[extract] extracting requirements
[extract] 25 requirements (24 formalizable)
[spec] rendering RFC2119 spec
[model] summarizing state-transition model
[lean] generating Apyx.lean
[leangen] phase 1: domain model
[leangen] phase 2: theorems
[leangen] theorem batch 1/3
[leangen] theorem batch 2/3
[leangen] theorem batch 3/3
[leancheck] round 1: ok=False theorems=14 sorries=0 vacuous=0
[leancheck] round 2: ok=False theorems=14 sorries=4 vacuous=0
[leancheck] round 3: ok=False theorems=14 sorries=0 vacuous=0
[leancheck] round 4: ok=False theorems=14 sorries=0 vacuous=0
[leancheck] round 5: ok=False theorems=14 sorries=0 vacuous=0
[leancheck] round 6: ok=False theorems=14 sorries=0 vacuous=0
[leancheck] round 7: ok=False theorems=14 sorries=1 vacuous=0
[leancheck] round 8: ok=False theorems=14 sorries=1 vacuous=0
[review] round-trip consistency gate
[review] verdicts={'partial': 9, 'missing': 15} full-coverage=0%
[done] ok=False theorems=14 sorries=1
{'outdir': '/home/gohan/workspace/docs2formalspec/outputs/apyx', 'spec': '/home/gohan/workspace/docs2formalspec/outputs/apyx/SPEC.md', 'lean_ok': False, 'theorems': 14, 'sorries': 1, 'requirements': 25}
