[lean] generating Apyx.lean
[leangen] phase 1: domain model
[leancheck] model gate round 1: ok=False
[leancheck] model gate round 2: ok=False
[leancheck] model gate round 3: ok=False
[leancheck] model gate round 4: ok=True
[leangen] phase 2: theorems
[leangen] theorem batch 1/10
[leangen]   batch failed pre-validation; regenerating with errors
[leangen] theorem batch 2/10
[leangen]   batch failed pre-validation; regenerating with errors
[leangen] theorem batch 3/10
[leangen]   batch failed pre-validation; regenerating with errors
[leangen] theorem batch 4/10
[leangen]   batch failed pre-validation; regenerating with errors
[leangen] theorem batch 5/10
[leangen]   batch failed pre-validation; regenerating with errors
[leangen] theorem batch 6/10
[leangen]   batch failed pre-validation; regenerating with errors
[leangen] theorem batch 7/10
[leangen]   batch failed pre-validation; regenerating with errors
[leangen] theorem batch 8/10
[leangen]   batch failed pre-validation; regenerating with errors
[leangen]   batch fixed on retry
[leangen] theorem batch 9/10
[leangen]   batch failed pre-validation; regenerating with errors
[leangen] theorem batch 10/10
[leangen] phase 3: extending model for 45 unformalizable reqs
[leancheck] model gate round 1: ok=False
[leancheck] model gate round 2: ok=False
[leancheck] model gate round 3: ok=False
[leancheck] model gate round 4: ok=False
[leangen] extension failed compile gate; keeping original model
[leangen] coverage pass 1: regenerating 14 dropped reqs
[leangen] theorem batch 1/2
[leangen]   batch failed pre-validation; regenerating with errors
[leangen] theorem batch 2/2
[leangen] coverage pass 2: regenerating 4 dropped reqs
[leangen] theorem batch 1/1
[leangen]   batch failed pre-validation; regenerating with errors
[leancheck]   req_deposit_mint_apxusd: targeted repair (1st failure)
[leancheck]   req_redemption_value: targeted repair (1st failure)
[leancheck]   req_lock_apxusd: targeted repair (1st failure)
[leancheck]   req_deposit_permissionless: targeted repair (1st failure)
[leancheck]   req_arbitrage_mint_access: targeted repair (1st failure)
[leancheck]   req_arbitrage_redeem_access: targeted repair (1st failure)
[leancheck]   req_new_locked_receives_yield: targeted repair (1st failure)
[leancheck]   req_cooldown_removal: targeted repair (1st failure)
[leancheck]   req_unlock_cooldown: targeted repair (1st failure)
[leancheck]   req_global_pause_blocks_deposit: targeted repair (1st failure)
[leancheck]   req_denylist_blocks_deposit: targeted repair (1st failure)
[leancheck]   req_unlock_cannot_be_cancelled: targeted repair (1st failure)
[leancheck]   req_unlock_conversion_after_cooldown: targeted repair (1st failure)
[leancheck]   req_vault_burns_apyUSD_shares_immediately: targeted repair (1st failure)
[leancheck]   req_rfq_redemption_allowed: targeted repair (1st failure)
[leancheck]   req_deposit_immediate: targeted repair (1st failure)
[leancheck]   req_mint_immediate: targeted repair (1st failure)
[leancheck] round 1: ok=False theorems=23 sorries=10 vacuous=0 killed=0 verified=6
[leancheck]   req_deposit_mint_apxusd: sorry-stub (2nd failure)
[leancheck]   req_redemption_value: sorry-stub (2nd failure)
[leancheck]   req_lock_apxusd: sorry-stub (2nd failure)
[leancheck]   req_deposit_permissionless: sorry-stub (2nd failure)
[leancheck]   req_arbitrage_mint_access: sorry-stub (2nd failure)
[leancheck]   req_new_locked_receives_yield: sorry-stub (2nd failure)
[leancheck]   req_cooldown_removal: sorry-stub (2nd failure)
[leancheck]   req_unlock_cooldown: sorry-stub (2nd failure)
[leancheck]   req_global_pause_blocks_deposit: sorry-stub (2nd failure)
[leancheck]   req_denylist_blocks_deposit: sorry-stub (2nd failure)
[leancheck]   req_unlock_cannot_be_cancelled: sorry-stub (2nd failure)
[leancheck]   req_unlock_conversion_after_cooldown: sorry-stub (2nd failure)
[leancheck]   req_vault_burns_apyUSD_shares_immediately: sorry-stub (2nd failure)
[leancheck]   req_rfq_redemption_allowed: sorry-stub (2nd failure)
[leancheck]   req_deposit_immediate: sorry-stub (2nd failure)
[leancheck]   req_mint_immediate: sorry-stub (2nd failure)
[leancheck] round 2: ok=False theorems=23 sorries=23 vacuous=0 killed=0 verified=7
[leancheck]   req_deposit_mint_apxusd: kill (3rd failure)
[leancheck]   req_redemption_value: kill (3rd failure)
[leancheck]   req_lock_apxusd: kill (3rd failure)
[leancheck]   req_new_locked_receives_yield: kill (3rd failure)
[leancheck]   req_unlock_cannot_be_cancelled: kill (3rd failure)
[leancheck]   req_unlock_conversion_after_cooldown: kill (3rd failure)
[leancheck]   req_vault_burns_apyUSD_shares_immediately: kill (3rd failure)
[leancheck]   req_deposit_immediate: kill (3rd failure)
[leancheck] round 3: ok=True theorems=15 sorries=15 vacuous=0 killed=8 verified=23
[review] round-trip consistency gate
[review] verdicts={'missing': 26, 'unformalizable': 36, 'partial': 12, 'mismatch': 2, 'full': 1} full-coverage=1%
[review] regenerating req_arbitrage_redeem_access (mismatch)
[review] regenerating req_unlock_receipt_nft_mint (mismatch)
[review] 2 theorems regenerated from judge feedback; re-checking
[leancheck] round 1: ok=True theorems=15 sorries=15 vacuous=0 killed=7 verified=15
[leancheck]   auto-proved req_rfq_redemption_allowed with `simp [step]`
[leancheck] auto-proved 1 stubbed theorems
[review] post-feedback verdicts={'missing': 26, 'unformalizable': 36, 'partial': 9, 'mismatch': 1, 'full': 5} full-coverage=6%
[done] ok=True theorems=15 sorries=15
{'outdir': '/home/gohan/workspace/docs2formalspec/outputs/apyx', 'lean_ok': True, 'theorems': 15, 'proved': 0, 'sorries': 15, 'vacuous': 0, 'review': {'missing': 26, 'unformalizable': 36, 'partial': 9, 'mismatch': 1, 'full': 5}}
