[lean] generating Apyx.lean
[leangen] phase 1: domain model (attempt 1)
[leancheck] model gate round 1: ok=False
[leancheck] model gate round 2: ok=False
[leancheck] model gate round 3: ok=False
[leancheck] model gate round 4: ok=True
[leangen] phase 2: theorems
[leangen] theorem batch 1/10
[leangen]   batch failed pre-validation; regenerating with errors
[leangen] theorem batch 2/10
[leangen] theorem batch 3/10
[leangen]   batch failed pre-validation; regenerating with errors
[leangen] theorem batch 4/10
[leangen]   batch failed pre-validation; regenerating with errors
[leangen] theorem batch 5/10
[leangen]   batch failed pre-validation; regenerating with errors
[leangen] theorem batch 6/10
[leangen] theorem batch 7/10
[leangen]   batch failed pre-validation; regenerating with errors
[leangen] theorem batch 8/10
[leangen]   batch failed pre-validation; regenerating with errors
[leangen] theorem batch 9/10
[leangen]   batch failed pre-validation; regenerating with errors
[leangen] theorem batch 10/10
[leangen] phase 3: extending model for 31 unformalizable reqs
[leancheck] model gate round 1: ok=False
[leancheck] model gate round 2: ok=True
[leangen] theorem batch 1/4
[leangen]   batch failed pre-validation; regenerating with errors
[leangen] theorem batch 2/4
[leangen]   batch failed pre-validation; regenerating with errors
[leangen] theorem batch 3/4
[leangen]   batch failed pre-validation; regenerating with errors
[leangen] theorem batch 4/4
[leangen]   batch failed pre-validation; regenerating with errors
[leangen] coverage pass 1: regenerating 25 dropped reqs
[leangen] theorem batch 1/4
[leangen]   batch failed pre-validation; regenerating with errors
[leangen] theorem batch 2/4
[leangen]   batch failed pre-validation; regenerating with errors
[leangen] theorem batch 3/4
[leangen]   batch failed pre-validation; regenerating with errors
[leangen] theorem batch 4/4
[leangen] coverage pass 2: regenerating 14 dropped reqs
[leangen] theorem batch 1/2
[leangen]   batch failed pre-validation; regenerating with errors
[leangen] theorem batch 2/2
[leangen]   batch failed pre-validation; regenerating with errors
[leancheck]   req_apyusd_value_increase: targeted repair (1st failure)
[leancheck]   req_token_no_rebase: targeted repair (1st failure)
[leancheck]   req_exchange_rate_non_decreasing: targeted repair (1st failure)
[leancheck]   req_redemption_exchange_rate_multiplier: targeted repair (1st failure)
[leancheck]   req_redemption_async_process: targeted repair (1st failure)
[leancheck]   req_redemption_cooldown_period: targeted repair (1st failure)
[leancheck]   req_single_pending_redemption_per_user: targeted repair (1st failure)
[leancheck]   req_cooldown_no_yield: targeted repair (1st failure)
[leancheck]   req_flexible_redemption_claim_minimum: targeted repair (1st failure)
[leancheck]   req_flexible_redemption_early_fee: targeted repair (1st failure)
[leancheck]   req_arbitrage_redeem_access: targeted repair (1st failure)
[leancheck]   req_mint_immediate: targeted repair (1st failure)
[leancheck]   req_unlock_cooldown: targeted repair (1st failure)
[leancheck]   req_unlock_claimable_after_3d: targeted repair (1st failure)
[leancheck]   req_early_unlock_fee_linear_decline: targeted repair (1st failure)
[leancheck]   req_multiple_unlocks_reset_cooldown: targeted repair (1st failure)
[leancheck]   req_mint_access_whitelist: targeted repair (1st failure)
[leancheck]   req_redeem_access_whitelist: targeted repair (1st failure)
[leancheck]   req_configurable_vesting_period: targeted repair (1st failure)
[leancheck]   req_unlock_conversion_after_cooldown: targeted repair (1st failure)
[leancheck]   req_redeem_no_share_transfer: targeted repair (1st failure)
[leancheck]   req_new_locked_receives_yield: targeted repair (1st failure)
[leancheck]   req_synchronous_withdraw_return_token: targeted repair (1st failure)
[leancheck]   req_withdraw_for_max_shares_revert_if_exceeds_max_shares: targeted repair (1st failure)
[leancheck]   req_vault_burns_apyUSD_shares_immediately_on_withdraw: targeted repair (1st failure)
[leancheck]   req_mintformaxassets_slippage: targeted repair (1st failure)
[leancheck]   req_denylist_blocks_deposit: targeted repair (1st failure)
[leancheck]   req_withdrawForMaxShares_revert_if_exceeds_maxShares: targeted repair (1st failure)
[leancheck]   req_unlock_token_redeem_after_cooldown: targeted repair (1st failure)
[leancheck] round 1: ok=False theorems=66 sorries=55 vacuous=0 killed=0 verified=37
[leancheck]   req_token_no_rebase: sorry-stub (2nd failure)
[leancheck]   req_exchange_rate_non_decreasing: sorry-stub (2nd failure)
[leancheck]   req_redemption_async_process: sorry-stub (2nd failure)
[leancheck]   req_redemption_cooldown_period: sorry-stub (2nd failure)
[leancheck]   req_cooldown_no_yield: sorry-stub (2nd failure)
[leancheck]   req_flexible_redemption_early_fee: sorry-stub (2nd failure)
[leancheck]   req_unlock_cooldown: sorry-stub (2nd failure)
[leancheck]   req_early_unlock_fee_linear_decline: sorry-stub (2nd failure)
[leancheck]   req_multiple_unlocks_reset_cooldown: sorry-stub (2nd failure)
[leancheck]   req_mint_access_whitelist: sorry-stub (2nd failure)
[leancheck]   req_redeem_access_whitelist: sorry-stub (2nd failure)
[leancheck]   req_unlock_conversion_after_cooldown: sorry-stub (2nd failure)
[leancheck]   req_redeem_no_share_transfer: sorry-stub (2nd failure)
[leancheck]   req_withdraw_for_max_shares_revert_if_exceeds_max_shares: sorry-stub (2nd failure)
[leancheck]   req_mintformaxassets_slippage: sorry-stub (2nd failure)
[leancheck]   req_denylist_blocks_deposit: sorry-stub (2nd failure)
[leancheck]   req_withdrawForMaxShares_revert_if_exceeds_maxShares: sorry-stub (2nd failure)
[leancheck]   req_unlock_token_redeem_after_cooldown: sorry-stub (2nd failure)
[leancheck] round 2: ok=False theorems=61 sorries=57 vacuous=0 killed=6 verified=53
[leancheck]   req_unlock_cooldown: kill (3rd failure)
[leancheck]   req_early_unlock_fee_linear_decline: kill (3rd failure)
[leancheck]   req_unlock_conversion_after_cooldown: kill (3rd failure)
[leancheck]   req_redeem_no_share_transfer: kill (3rd failure)
[leancheck]   req_denylist_blocks_deposit: kill (3rd failure)
[leancheck]   req_unlock_token_redeem_after_cooldown: kill (3rd failure)
[leancheck] round 3: ok=True theorems=55 sorries=51 vacuous=0 killed=12 verified=66
[leancheck]   auto-proved req_mint_access_whitelist with `simp_all [step]`
[leancheck]   auto-proved req_redeem_access_whitelist with `simp_all [step]`
[leancheck] auto-proved 2 stubbed theorems
[review] round-trip consistency gate
[review] verdicts={'partial': 28, 'unformalizable': 12, 'mismatch': 9, 'missing': 17, 'full': 8, 'vacuous': 3} full-coverage=10%
[review] regenerating req_redemption_exchange_rate_multiplier (mismatch)
[review] regenerating req_single_pending_redemption_per_user (mismatch)
[review] regenerating req_flexible_redemption_claim_minimum (mismatch)
[review] regenerating req_yield_rate_dollar_terms (vacuous)
[review] regenerating req_redemption_value_uniform (mismatch)
[review] regenerating req_rfq_redemption_allowed (vacuous)
[review] regenerating req_unlock_token_no_yield (mismatch)
[review] regenerating req_mint_redeem_at_redemption_value (mismatch)
[review] regenerating req_configurable_vesting_period (vacuous)
[review] regenerating req_redeem_liquidate_usdc (mismatch)
[review] regenerating req_yield_distributor_credit (mismatch)
[review] regenerating req_mintformaxassets_slippage (mismatch)
[review] 9 theorems regenerated from judge feedback; re-checking
[leancheck] round 1: ok=True theorems=55 sorries=51 vacuous=0 killed=9 verified=55
[leancheck]   auto-proved req_mint_immediate with `simp [step]`
[leancheck]   auto-proved req_mint_emits_event with `simp [step]`
[leancheck]   auto-proved req_vault_deposits_apx_usd_into_unlock_token_redeem with `simp [step]`
[leancheck] auto-proved 3 stubbed theorems
[review] post-feedback verdicts={'partial': 32, 'mismatch': 7, 'unformalizable': 8, 'missing': 21, 'full': 9} full-coverage=12%
[done] ok=True theorems=55 sorries=51
{'outdir': '/home/gohan/workspace/docs2formalspec/outputs/apyx', 'lean_ok': True, 'theorems': 55, 'proved': 4, 'sorries': 51, 'vacuous': 0, 'review': {'partial': 32, 'mismatch': 7, 'unformalizable': 8, 'missing': 21, 'full': 9}}
